<?xml version="1.0" encoding="UTF-8"?>
<coverage generated="1734062283223" clover="3.2.0">
  <project timestamp="1734062283223" name="All files">
    <metrics statements="135" coveredstatements="19" conditionals="70" coveredconditionals="4" methods="24" coveredmethods="2" elements="229" coveredelements="25" complexity="0" loc="135" ncloc="135" packages="2" files="4" classes="4"/>
    <package name="src">
      <metrics statements="16" coveredstatements="13" conditionals="5" coveredconditionals="4" methods="0" coveredmethods="0"/>
      <file name="config.js" path="/Users/nick/projects/web3/opensea-offer-maker/src/config.js">
        <metrics statements="16" coveredstatements="13" conditionals="5" coveredconditionals="4" methods="0" coveredmethods="0"/>
        <line num="5" count="1" type="stmt"/>
        <line num="8" count="1" type="stmt"/>
        <line num="9" count="1" type="stmt"/>
        <line num="10" count="1" type="stmt"/>
        <line num="13" count="1" type="cond" truecount="4" falsecount="1"/>
        <line num="14" count="0" type="stmt"/>
        <line num="15" count="0" type="stmt"/>
        <line num="16" count="0" type="stmt"/>
        <line num="20" count="1" type="stmt"/>
        <line num="23" count="1" type="stmt"/>
        <line num="24" count="1" type="stmt"/>
        <line num="27" count="1" type="stmt"/>
        <line num="30" count="1" type="stmt"/>
        <line num="36" count="1" type="stmt"/>
        <line num="41" count="1" type="stmt"/>
        <line num="42" count="1" type="stmt"/>
      </file>
    </package>
    <package name="src.services">
      <metrics statements="119" coveredstatements="6" conditionals="65" coveredconditionals="0" methods="24" coveredmethods="2"/>
      <file name="offerService.js" path="/Users/nick/projects/web3/opensea-offer-maker/src/services/offerService.js">
        <metrics statements="42" coveredstatements="6" conditionals="16" coveredconditionals="0" methods="9" coveredmethods="2"/>
        <line num="12" count="1" type="stmt"/>
        <line num="13" count="1" type="stmt"/>
        <line num="14" count="1" type="stmt"/>
        <line num="19" count="0" type="cond" truecount="0" falsecount="2"/>
        <line num="20" count="0" type="stmt"/>
        <line num="22" count="0" type="stmt"/>
        <line num="26" count="0" type="cond" truecount="0" falsecount="2"/>
        <line num="27" count="0" type="stmt"/>
        <line num="29" count="0" type="stmt"/>
        <line num="33" count="0" type="cond" truecount="0" falsecount="4"/>
        <line num="34" count="0" type="stmt"/>
        <line num="36" count="0" type="stmt"/>
        <line num="41" count="0" type="stmt"/>
        <line num="42" count="0" type="stmt"/>
        <line num="43" count="0" type="stmt"/>
        <line num="44" count="0" type="stmt"/>
        <line num="56" count="0" type="stmt"/>
        <line num="58" count="0" type="stmt"/>
        <line num="59" count="0" type="stmt"/>
        <line num="60" count="0" type="stmt"/>
        <line num="62" count="0" type="stmt"/>
        <line num="72" count="0" type="cond" truecount="0" falsecount="4"/>
        <line num="77" count="0" type="stmt"/>
        <line num="78" count="0" type="stmt"/>
        <line num="89" count="0" type="stmt"/>
        <line num="91" count="0" type="stmt"/>
        <line num="92" count="0" type="stmt"/>
        <line num="93" count="0" type="stmt"/>
        <line num="95" count="0" type="stmt"/>
        <line num="106" count="0" type="stmt"/>
        <line num="107" count="0" type="stmt"/>
        <line num="111" count="0" type="stmt"/>
        <line num="112" count="0" type="stmt"/>
        <line num="113" count="0" type="stmt"/>
        <line num="114" count="0" type="stmt"/>
        <line num="116" count="0" type="stmt"/>
        <line num="117" count="0" type="stmt"/>
        <line num="119" count="0" type="stmt"/>
        <line num="120" count="0" type="stmt"/>
        <line num="126" count="1" type="stmt"/>
        <line num="127" count="1" type="stmt"/>
        <line num="131" count="1" type="stmt"/>
      </file>
      <file name="offerStrategy.js" path="/Users/nick/projects/web3/opensea-offer-maker/src/services/offerStrategy.js">
        <metrics statements="52" coveredstatements="0" conditionals="40" coveredconditionals="0" methods="8" coveredmethods="0"/>
        <line num="5" count="0" type="stmt"/>
        <line num="6" count="0" type="stmt"/>
        <line num="7" count="0" type="cond" truecount="0" falsecount="2"/>
        <line num="8" count="0" type="cond" truecount="0" falsecount="2"/>
        <line num="9" count="0" type="cond" truecount="0" falsecount="2"/>
        <line num="10" count="0" type="cond" truecount="0" falsecount="2"/>
        <line num="11" count="0" type="stmt"/>
        <line num="12" count="0" type="stmt"/>
        <line num="13" count="0" type="stmt"/>
        <line num="14" count="0" type="cond" truecount="0" falsecount="2"/>
        <line num="15" count="0" type="cond" truecount="0" falsecount="2"/>
        <line num="19" count="0" type="stmt"/>
        <line num="20" count="0" type="stmt"/>
        <line num="21" count="0" type="stmt"/>
        <line num="23" count="0" type="cond" truecount="0" falsecount="2"/>
        <line num="27" count="0" type="cond" truecount="0" falsecount="2"/>
        <line num="29" count="0" type="stmt"/>
        <line num="30" count="0" type="stmt"/>
        <line num="32" count="0" type="cond" truecount="0" falsecount="2"/>
        <line num="36" count="0" type="stmt"/>
        <line num="38" count="0" type="stmt"/>
        <line num="41" count="0" type="cond" truecount="0" falsecount="4"/>
        <line num="42" count="0" type="stmt"/>
        <line num="44" count="0" type="cond" truecount="0" falsecount="2"/>
        <line num="45" count="0" type="stmt"/>
        <line num="46" count="0" type="stmt"/>
        <line num="50" count="0" type="cond" truecount="0" falsecount="2"/>
        <line num="51" count="0" type="stmt"/>
        <line num="56" count="0" type="stmt"/>
        <line num="63" count="0" type="stmt"/>
        <line num="65" count="0" type="stmt"/>
        <line num="66" count="0" type="stmt"/>
        <line num="71" count="0" type="stmt"/>
        <line num="73" count="0" type="cond" truecount="0" falsecount="2"/>
        <line num="74" count="0" type="stmt"/>
        <line num="76" count="0" type="stmt"/>
        <line num="79" count="0" type="cond" truecount="0" falsecount="5"/>
        <line num="80" count="0" type="stmt"/>
        <line num="83" count="0" type="stmt"/>
        <line num="84" count="0" type="stmt"/>
        <line num="93" count="0" type="stmt"/>
        <line num="94" count="0" type="stmt"/>
        <line num="99" count="0" type="cond" truecount="0" falsecount="2"/>
        <line num="101" count="0" type="stmt"/>
        <line num="102" count="0" type="stmt"/>
        <line num="104" count="0" type="stmt"/>
        <line num="105" count="0" type="cond" truecount="0" falsecount="2"/>
        <line num="106" count="0" type="stmt"/>
        <line num="112" count="0" type="stmt"/>
        <line num="113" count="0" type="cond" truecount="0" falsecount="2"/>
        <line num="114" count="0" type="stmt"/>
        <line num="115" count="0" type="stmt"/>
      </file>
      <file name="openseaApi.js" path="/Users/nick/projects/web3/opensea-offer-maker/src/services/openseaApi.js">
        <metrics statements="25" coveredstatements="0" conditionals="9" coveredconditionals="0" methods="7" coveredmethods="0"/>
        <line num="3" count="0" type="stmt"/>
        <line num="4" count="0" type="stmt"/>
        <line num="8" count="0" type="stmt"/>
        <line num="9" count="0" type="stmt"/>
        <line num="10" count="0" type="stmt"/>
        <line num="19" count="0" type="cond" truecount="0" falsecount="2"/>
        <line num="20" count="0" type="stmt"/>
        <line num="21" count="0" type="stmt"/>
        <line num="22" count="0" type="stmt"/>
        <line num="25" count="0" type="stmt"/>
        <line num="27" count="0" type="stmt"/>
        <line num="28" count="0" type="cond" truecount="0" falsecount="2"/>
        <line num="29" count="0" type="stmt"/>
        <line num="35" count="0" type="stmt"/>
        <line num="36" count="0" type="stmt"/>
        <line num="45" count="0" type="stmt"/>
        <line num="46" count="0" type="stmt"/>
        <line num="47" count="0" type="stmt"/>
        <line num="48" count="0" type="stmt"/>
        <line num="50" count="0" type="stmt"/>
        <line num="59" count="0" type="stmt"/>
        <line num="60" count="0" type="stmt"/>
        <line num="62" count="0" type="stmt"/>
        <line num="71" count="0" type="stmt"/>
        <line num="73" count="0" type="stmt"/>
      </file>
    </package>
  </project>
</coverage>
