{"/Users/nick/projects/web3/opensea-offer-maker/src/config.js": {"path":"/Users/nick/projects/web3/opensea-offer-maker/src/config.js","statementMap":{"0":{"start":{"line":5,"column":0},"end":{"line":5,"column":16}},"1":{"start":{"line":8,"column":31},"end":{"line":8,"column":58}},"2":{"start":{"line":9,"column":31},"end":{"line":9,"column":58}},"3":{"start":{"line":10,"column":39},"end":{"line":10,"column":66}},"4":{"start":{"line":13,"column":0},"end":{"line":17,"column":1}},"5":{"start":{"line":14,"column":18},"end":{"line":14,"column":102}},"6":{"start":{"line":15,"column":4},"end":{"line":15,"column":31}},"7":{"start":{"line":16,"column":4},"end":{"line":16,"column":16}},"8":{"start":{"line":20,"column":24},"end":{"line":20,"column":76}},"9":{"start":{"line":23,"column":22},"end":{"line":23,"column":66}},"10":{"start":{"line":24,"column":30},"end":{"line":24,"column":44}},"11":{"start":{"line":27,"column":28},"end":{"line":27,"column":72}},"12":{"start":{"line":30,"column":19},"end":{"line":33,"column":2}},"13":{"start":{"line":36,"column":24},"end":{"line":38,"column":1}},"14":{"start":{"line":41,"column":36},"end":{"line":41,"column":63}},"15":{"start":{"line":42,"column":39},"end":{"line":42,"column":83}}},"fnMap":{},"branchMap":{"0":{"loc":{"start":{"line":13,"column":0},"end":{"line":17,"column":1}},"type":"if","locations":[{"start":{"line":13,"column":0},"end":{"line":17,"column":1}},{"start":{},"end":{}}],"line":13},"1":{"loc":{"start":{"line":13,"column":4},"end":{"line":13,"column":68}},"type":"binary-expr","locations":[{"start":{"line":13,"column":4},"end":{"line":13,"column":20}},{"start":{"line":13,"column":24},"end":{"line":13,"column":40}},{"start":{"line":13,"column":44},"end":{"line":13,"column":68}}],"line":13}},"s":{"0":1,"1":1,"2":1,"3":1,"4":1,"5":0,"6":0,"7":0,"8":1,"9":1,"10":1,"11":1,"12":1,"13":1,"14":1,"15":1},"f":{},"b":{"0":[0,1],"1":[1,1,1]},"inputSourceMap":null,"_coverageSchema":"1a1c01bbd47fc00a2c39e90264f33305004495a9","hash":"223c4a4cdbcc296821164782c963d1ad2a637db7"}
,"/Users/nick/projects/web3/opensea-offer-maker/src/services/offerService.js": {"path":"/Users/nick/projects/web3/opensea-offer-maker/src/services/offerService.js","statementMap":{"0":{"start":{"line":12,"column":8},"end":{"line":12,"column":33}},"1":{"start":{"line":13,"column":8},"end":{"line":13,"column":23}},"2":{"start":{"line":14,"column":8},"end":{"line":14,"column":29}},"3":{"start":{"line":19,"column":8},"end":{"line":21,"column":9}},"4":{"start":{"line":20,"column":12},"end":{"line":20,"column":57}},"5":{"start":{"line":22,"column":8},"end":{"line":22,"column":20}},"6":{"start":{"line":26,"column":8},"end":{"line":28,"column":9}},"7":{"start":{"line":27,"column":12},"end":{"line":27,"column":80}},"8":{"start":{"line":29,"column":8},"end":{"line":29,"column":20}},"9":{"start":{"line":33,"column":8},"end":{"line":35,"column":9}},"10":{"start":{"line":34,"column":12},"end":{"line":34,"column":92}},"11":{"start":{"line":36,"column":8},"end":{"line":36,"column":20}},"12":{"start":{"line":41,"column":24},"end":{"line":41,"column":67}},"13":{"start":{"line":42,"column":30},"end":{"line":42,"column":61}},"14":{"start":{"line":43,"column":8},"end":{"line":43,"column":54}},"15":{"start":{"line":44,"column":8},"end":{"line":44,"column":29}},"16":{"start":{"line":56,"column":12},"end":{"line":56,"column":18}},"17":{"start":{"line":58,"column":8},"end":{"line":58,"column":53}},"18":{"start":{"line":59,"column":30},"end":{"line":59,"column":84}},"19":{"start":{"line":60,"column":8},"end":{"line":60,"column":57}},"20":{"start":{"line":62,"column":25},"end":{"line":70,"column":10}},"21":{"start":{"line":72,"column":26},"end":{"line":75,"column":34}},"22":{"start":{"line":77,"column":8},"end":{"line":77,"column":76}},"23":{"start":{"line":78,"column":8},"end":{"line":78,"column":25}},"24":{"start":{"line":89,"column":12},"end":{"line":89,"column":18}},"25":{"start":{"line":91,"column":8},"end":{"line":91,"column":60}},"26":{"start":{"line":92,"column":30},"end":{"line":92,"column":84}},"27":{"start":{"line":93,"column":8},"end":{"line":93,"column":57}},"28":{"start":{"line":95,"column":25},"end":{"line":104,"column":10}},"29":{"start":{"line":106,"column":8},"end":{"line":106,"column":106}},"30":{"start":{"line":107,"column":8},"end":{"line":107,"column":34}},"31":{"start":{"line":111,"column":8},"end":{"line":111,"column":86}},"32":{"start":{"line":112,"column":8},"end":{"line":112,"column":38}},"33":{"start":{"line":113,"column":8},"end":{"line":113,"column":79}},"34":{"start":{"line":114,"column":8},"end":{"line":114,"column":81}},"35":{"start":{"line":116,"column":28},"end":{"line":116,"column":93}},"36":{"start":{"line":117,"column":8},"end":{"line":117,"column":74}},"37":{"start":{"line":119,"column":8},"end":{"line":119,"column":50}},"38":{"start":{"line":120,"column":8},"end":{"line":120,"column":50}},"39":{"start":{"line":126,"column":38},"end":{"line":126,"column":44}},"40":{"start":{"line":127,"column":4},"end":{"line":127,"column":51}},"41":{"start":{"line":131,"column":23},"end":{"line":135,"column":2}}},"fnMap":{"0":{"name":"(anonymous_0)","decl":{"start":{"line":11,"column":4},"end":{"line":11,"column":5}},"loc":{"start":{"line":11,"column":39},"end":{"line":15,"column":5}},"line":11},"1":{"name":"(anonymous_1)","decl":{"start":{"line":18,"column":4},"end":{"line":18,"column":5}},"loc":{"start":{"line":18,"column":48},"end":{"line":23,"column":5}},"line":18},"2":{"name":"(anonymous_2)","decl":{"start":{"line":25,"column":4},"end":{"line":25,"column":5}},"loc":{"start":{"line":25,"column":44},"end":{"line":30,"column":5}},"line":25},"3":{"name":"(anonymous_3)","decl":{"start":{"line":32,"column":4},"end":{"line":32,"column":5}},"loc":{"start":{"line":32,"column":51},"end":{"line":37,"column":5}},"line":32},"4":{"name":"(anonymous_4)","decl":{"start":{"line":40,"column":4},"end":{"line":40,"column":5}},"loc":{"start":{"line":40,"column":54},"end":{"line":45,"column":5}},"line":40},"5":{"name":"(anonymous_5)","decl":{"start":{"line":47,"column":4},"end":{"line":47,"column":5}},"loc":{"start":{"line":47,"column":40},"end":{"line":79,"column":5}},"line":47},"6":{"name":"(anonymous_6)","decl":{"start":{"line":81,"column":4},"end":{"line":81,"column":5}},"loc":{"start":{"line":81,"column":40},"end":{"line":108,"column":5}},"line":81},"7":{"name":"(anonymous_7)","decl":{"start":{"line":110,"column":4},"end":{"line":110,"column":5}},"loc":{"start":{"line":110,"column":67},"end":{"line":121,"column":5}},"line":110},"8":{"name":"createOfferService","decl":{"start":{"line":125,"column":16},"end":{"line":125,"column":34}},"loc":{"start":{"line":125,"column":43},"end":{"line":128,"column":1}},"line":125}},"branchMap":{"0":{"loc":{"start":{"line":19,"column":8},"end":{"line":21,"column":9}},"type":"if","locations":[{"start":{"line":19,"column":8},"end":{"line":21,"column":9}},{"start":{},"end":{}}],"line":19},"1":{"loc":{"start":{"line":26,"column":8},"end":{"line":28,"column":9}},"type":"if","locations":[{"start":{"line":26,"column":8},"end":{"line":28,"column":9}},{"start":{},"end":{}}],"line":26},"2":{"loc":{"start":{"line":33,"column":8},"end":{"line":35,"column":9}},"type":"if","locations":[{"start":{"line":33,"column":8},"end":{"line":35,"column":9}},{"start":{},"end":{}}],"line":33},"3":{"loc":{"start":{"line":33,"column":12},"end":{"line":33,"column":37}},"type":"binary-expr","locations":[{"start":{"line":33,"column":12},"end":{"line":33,"column":25}},{"start":{"line":33,"column":29},"end":{"line":33,"column":37}}],"line":33},"4":{"loc":{"start":{"line":54,"column":12},"end":{"line":54,"column":85}},"type":"default-arg","locations":[{"start":{"line":54,"column":27},"end":{"line":54,"column":85}}],"line":54},"5":{"loc":{"start":{"line":55,"column":12},"end":{"line":55,"column":39}},"type":"default-arg","locations":[{"start":{"line":55,"column":28},"end":{"line":55,"column":39}}],"line":55},"6":{"loc":{"start":{"line":72,"column":26},"end":{"line":75,"column":34}},"type":"binary-expr","locations":[{"start":{"line":72,"column":26},"end":{"line":72,"column":45}},{"start":{"line":73,"column":25},"end":{"line":73,"column":44}},{"start":{"line":74,"column":25},"end":{"line":74,"column":51}},{"start":{"line":75,"column":25},"end":{"line":75,"column":34}}],"line":72},"7":{"loc":{"start":{"line":87,"column":12},"end":{"line":87,"column":85}},"type":"default-arg","locations":[{"start":{"line":87,"column":27},"end":{"line":87,"column":85}}],"line":87},"8":{"loc":{"start":{"line":88,"column":12},"end":{"line":88,"column":39}},"type":"default-arg","locations":[{"start":{"line":88,"column":28},"end":{"line":88,"column":39}}],"line":88}},"s":{"0":1,"1":1,"2":1,"3":0,"4":0,"5":0,"6":0,"7":0,"8":0,"9":0,"10":0,"11":0,"12":0,"13":0,"14":0,"15":0,"16":0,"17":0,"18":0,"19":0,"20":0,"21":0,"22":0,"23":0,"24":0,"25":0,"26":0,"27":0,"28":0,"29":0,"30":0,"31":0,"32":0,"33":0,"34":0,"35":0,"36":0,"37":0,"38":0,"39":1,"40":1,"41":1},"f":{"0":1,"1":0,"2":0,"3":0,"4":0,"5":0,"6":0,"7":0,"8":1},"b":{"0":[0,0],"1":[0,0],"2":[0,0],"3":[0,0],"4":[0],"5":[0],"6":[0,0,0,0],"7":[0],"8":[0]},"inputSourceMap":null,"_coverageSchema":"1a1c01bbd47fc00a2c39e90264f33305004495a9","hash":"fdab7997d35f114a0412fb5938089252021c734f"}
,"/Users/nick/projects/web3/opensea-offer-maker/src/services/offerStrategy.js": {"path":"/Users/nick/projects/web3/opensea-offer-maker/src/services/offerStrategy.js","statementMap":{"0":{"start":{"line":5,"column":8},"end":{"line":5,"column":41}},"1":{"start":{"line":6,"column":8},"end":{"line":6,"column":37}},"2":{"start":{"line":7,"column":8},"end":{"line":7,"column":47}},"3":{"start":{"line":8,"column":8},"end":{"line":8,"column":47}},"4":{"start":{"line":9,"column":8},"end":{"line":9,"column":54}},"5":{"start":{"line":10,"column":8},"end":{"line":10,"column":70}},"6":{"start":{"line":11,"column":8},"end":{"line":11,"column":50}},"7":{"start":{"line":12,"column":8},"end":{"line":12,"column":29}},"8":{"start":{"line":13,"column":8},"end":{"line":13,"column":28}},"9":{"start":{"line":14,"column":8},"end":{"line":14,"column":49}},"10":{"start":{"line":15,"column":8},"end":{"line":15,"column":52}},"11":{"start":{"line":19,"column":25},"end":{"line":19,"column":42}},"12":{"start":{"line":20,"column":23},"end":{"line":20,"column":48}},"13":{"start":{"line":21,"column":23},"end":{"line":21,"column":48}},"14":{"start":{"line":23,"column":8},"end":{"line":23,"column":56}},"15":{"start":{"line":27,"column":8},"end":{"line":27,"column":52}},"16":{"start":{"line":27,"column":31},"end":{"line":27,"column":52}},"17":{"start":{"line":29,"column":29},"end":{"line":29,"column":57}},"18":{"start":{"line":30,"column":25},"end":{"line":30,"column":79}},"19":{"start":{"line":32,"column":8},"end":{"line":32,"column":67}},"20":{"start":{"line":36,"column":8},"end":{"line":67,"column":9}},"21":{"start":{"line":38,"column":30},"end":{"line":38,"column":61}},"22":{"start":{"line":41,"column":12},"end":{"line":61,"column":13}},"23":{"start":{"line":42,"column":33},"end":{"line":42,"column":85}},"24":{"start":{"line":44,"column":16},"end":{"line":47,"column":17}},"25":{"start":{"line":45,"column":20},"end":{"line":45,"column":74}},"26":{"start":{"line":46,"column":20},"end":{"line":46,"column":32}},"27":{"start":{"line":50,"column":16},"end":{"line":60,"column":17}},"28":{"start":{"line":51,"column":20},"end":{"line":54,"column":23}},"29":{"start":{"line":56,"column":20},"end":{"line":59,"column":23}},"30":{"start":{"line":63,"column":12},"end":{"line":63,"column":24}},"31":{"start":{"line":65,"column":12},"end":{"line":65,"column":66}},"32":{"start":{"line":66,"column":12},"end":{"line":66,"column":24}},"33":{"start":{"line":71,"column":8},"end":{"line":95,"column":9}},"34":{"start":{"line":73,"column":12},"end":{"line":77,"column":13}},"35":{"start":{"line":74,"column":16},"end":{"line":74,"column":90}},"36":{"start":{"line":76,"column":16},"end":{"line":76,"column":97}},"37":{"start":{"line":79,"column":12},"end":{"line":81,"column":13}},"38":{"start":{"line":80,"column":16},"end":{"line":80,"column":28}},"39":{"start":{"line":83,"column":30},"end":{"line":83,"column":46}},"40":{"start":{"line":84,"column":12},"end":{"line":91,"column":14}},"41":{"start":{"line":93,"column":12},"end":{"line":93,"column":63}},"42":{"start":{"line":94,"column":12},"end":{"line":94,"column":24}},"43":{"start":{"line":99,"column":8},"end":{"line":99,"column":33}},"44":{"start":{"line":99,"column":26},"end":{"line":99,"column":33}},"45":{"start":{"line":101,"column":8},"end":{"line":101,"column":28}},"46":{"start":{"line":102,"column":8},"end":{"line":102,"column":41}},"47":{"start":{"line":104,"column":8},"end":{"line":108,"column":45}},"48":{"start":{"line":105,"column":12},"end":{"line":107,"column":13}},"49":{"start":{"line":106,"column":16},"end":{"line":106,"column":49}},"50":{"start":{"line":112,"column":8},"end":{"line":112,"column":29}},"51":{"start":{"line":113,"column":8},"end":{"line":116,"column":9}},"52":{"start":{"line":114,"column":12},"end":{"line":114,"column":40}},"53":{"start":{"line":115,"column":12},"end":{"line":115,"column":32}}},"fnMap":{"0":{"name":"(anonymous_0)","decl":{"start":{"line":4,"column":4},"end":{"line":4,"column":5}},"loc":{"start":{"line":4,"column":55},"end":{"line":16,"column":5}},"line":4},"1":{"name":"(anonymous_1)","decl":{"start":{"line":18,"column":4},"end":{"line":18,"column":5}},"loc":{"start":{"line":18,"column":30},"end":{"line":24,"column":5}},"line":18},"2":{"name":"(anonymous_2)","decl":{"start":{"line":26,"column":4},"end":{"line":26,"column":5}},"loc":{"start":{"line":26,"column":45},"end":{"line":33,"column":5}},"line":26},"3":{"name":"(anonymous_3)","decl":{"start":{"line":35,"column":4},"end":{"line":35,"column":5}},"loc":{"start":{"line":35,"column":38},"end":{"line":68,"column":5}},"line":35},"4":{"name":"(anonymous_4)","decl":{"start":{"line":70,"column":4},"end":{"line":70,"column":5}},"loc":{"start":{"line":70,"column":31},"end":{"line":96,"column":5}},"line":70},"5":{"name":"(anonymous_5)","decl":{"start":{"line":98,"column":4},"end":{"line":98,"column":5}},"loc":{"start":{"line":98,"column":18},"end":{"line":109,"column":5}},"line":98},"6":{"name":"(anonymous_6)","decl":{"start":{"line":104,"column":35},"end":{"line":104,"column":36}},"loc":{"start":{"line":104,"column":41},"end":{"line":108,"column":9}},"line":104},"7":{"name":"(anonymous_7)","decl":{"start":{"line":111,"column":4},"end":{"line":111,"column":5}},"loc":{"start":{"line":111,"column":11},"end":{"line":117,"column":5}},"line":111}},"branchMap":{"0":{"loc":{"start":{"line":4,"column":42},"end":{"line":4,"column":53}},"type":"default-arg","locations":[{"start":{"line":4,"column":51},"end":{"line":4,"column":53}}],"line":4},"1":{"loc":{"start":{"line":7,"column":24},"end":{"line":7,"column":46}},"type":"binary-expr","locations":[{"start":{"line":7,"column":24},"end":{"line":7,"column":39}},{"start":{"line":7,"column":43},"end":{"line":7,"column":46}}],"line":7},"2":{"loc":{"start":{"line":8,"column":24},"end":{"line":8,"column":46}},"type":"binary-expr","locations":[{"start":{"line":8,"column":24},"end":{"line":8,"column":39}},{"start":{"line":8,"column":43},"end":{"line":8,"column":46}}],"line":8},"3":{"loc":{"start":{"line":9,"column":25},"end":{"line":9,"column":53}},"type":"binary-expr","locations":[{"start":{"line":9,"column":25},"end":{"line":9,"column":41}},{"start":{"line":9,"column":45},"end":{"line":9,"column":53}}],"line":9},"4":{"loc":{"start":{"line":10,"column":36},"end":{"line":10,"column":69}},"type":"binary-expr","locations":[{"start":{"line":10,"column":36},"end":{"line":10,"column":63}},{"start":{"line":10,"column":67},"end":{"line":10,"column":69}}],"line":10},"5":{"loc":{"start":{"line":14,"column":26},"end":{"line":14,"column":48}},"type":"binary-expr","locations":[{"start":{"line":14,"column":26},"end":{"line":14,"column":43}},{"start":{"line":14,"column":47},"end":{"line":14,"column":48}}],"line":14},"6":{"loc":{"start":{"line":15,"column":26},"end":{"line":15,"column":51}},"type":"binary-expr","locations":[{"start":{"line":15,"column":26},"end":{"line":15,"column":43}},{"start":{"line":15,"column":47},"end":{"line":15,"column":51}}],"line":15},"7":{"loc":{"start":{"line":23,"column":15},"end":{"line":23,"column":55}},"type":"binary-expr","locations":[{"start":{"line":23,"column":15},"end":{"line":23,"column":33}},{"start":{"line":23,"column":37},"end":{"line":23,"column":55}}],"line":23},"8":{"loc":{"start":{"line":27,"column":8},"end":{"line":27,"column":52}},"type":"if","locations":[{"start":{"line":27,"column":8},"end":{"line":27,"column":52}},{"start":{},"end":{}}],"line":27},"9":{"loc":{"start":{"line":32,"column":15},"end":{"line":32,"column":66}},"type":"cond-expr","locations":[{"start":{"line":32,"column":51},"end":{"line":32,"column":59}},{"start":{"line":32,"column":62},"end":{"line":32,"column":66}}],"line":32},"10":{"loc":{"start":{"line":41,"column":12},"end":{"line":61,"column":13}},"type":"if","locations":[{"start":{"line":41,"column":12},"end":{"line":61,"column":13}},{"start":{},"end":{}}],"line":41},"11":{"loc":{"start":{"line":41,"column":16},"end":{"line":41,"column":104}},"type":"binary-expr","locations":[{"start":{"line":41,"column":16},"end":{"line":41,"column":26}},{"start":{"line":41,"column":30},"end":{"line":41,"column":104}}],"line":41},"12":{"loc":{"start":{"line":44,"column":16},"end":{"line":47,"column":17}},"type":"if","locations":[{"start":{"line":44,"column":16},"end":{"line":47,"column":17}},{"start":{},"end":{}}],"line":44},"13":{"loc":{"start":{"line":50,"column":16},"end":{"line":60,"column":17}},"type":"if","locations":[{"start":{"line":50,"column":16},"end":{"line":60,"column":17}},{"start":{"line":55,"column":23},"end":{"line":60,"column":17}}],"line":50},"14":{"loc":{"start":{"line":73,"column":12},"end":{"line":77,"column":13}},"type":"if","locations":[{"start":{"line":73,"column":12},"end":{"line":77,"column":13}},{"start":{"line":75,"column":19},"end":{"line":77,"column":13}}],"line":73},"15":{"loc":{"start":{"line":79,"column":12},"end":{"line":81,"column":13}},"type":"if","locations":[{"start":{"line":79,"column":12},"end":{"line":81,"column":13}},{"start":{},"end":{}}],"line":79},"16":{"loc":{"start":{"line":79,"column":16},"end":{"line":79,"column":71}},"type":"binary-expr","locations":[{"start":{"line":79,"column":16},"end":{"line":79,"column":23}},{"start":{"line":79,"column":27},"end":{"line":79,"column":41}},{"start":{"line":79,"column":45},"end":{"line":79,"column":71}}],"line":79},"17":{"loc":{"start":{"line":99,"column":8},"end":{"line":99,"column":33}},"type":"if","locations":[{"start":{"line":99,"column":8},"end":{"line":99,"column":33}},{"start":{},"end":{}}],"line":99},"18":{"loc":{"start":{"line":105,"column":12},"end":{"line":107,"column":13}},"type":"if","locations":[{"start":{"line":105,"column":12},"end":{"line":107,"column":13}},{"start":{},"end":{}}],"line":105},"19":{"loc":{"start":{"line":113,"column":8},"end":{"line":116,"column":9}},"type":"if","locations":[{"start":{"line":113,"column":8},"end":{"line":116,"column":9}},{"start":{},"end":{}}],"line":113}},"s":{"0":0,"1":0,"2":0,"3":0,"4":0,"5":0,"6":0,"7":0,"8":0,"9":0,"10":0,"11":0,"12":0,"13":0,"14":0,"15":0,"16":0,"17":0,"18":0,"19":0,"20":0,"21":0,"22":0,"23":0,"24":0,"25":0,"26":0,"27":0,"28":0,"29":0,"30":0,"31":0,"32":0,"33":0,"34":0,"35":0,"36":0,"37":0,"38":0,"39":0,"40":0,"41":0,"42":0,"43":0,"44":0,"45":0,"46":0,"47":0,"48":0,"49":0,"50":0,"51":0,"52":0,"53":0},"f":{"0":0,"1":0,"2":0,"3":0,"4":0,"5":0,"6":0,"7":0},"b":{"0":[0],"1":[0,0],"2":[0,0],"3":[0,0],"4":[0,0],"5":[0,0],"6":[0,0],"7":[0,0],"8":[0,0],"9":[0,0],"10":[0,0],"11":[0,0],"12":[0,0],"13":[0,0],"14":[0,0],"15":[0,0],"16":[0,0,0],"17":[0,0],"18":[0,0],"19":[0,0]},"inputSourceMap":null,"_coverageSchema":"1a1c01bbd47fc00a2c39e90264f33305004495a9","hash":"8b2c6c0a25f8e5d1cd646642cf652b4bf93e5557"}
,"/Users/nick/projects/web3/opensea-offer-maker/src/services/openseaApi.js": {"path":"/Users/nick/projects/web3/opensea-offer-maker/src/services/openseaApi.js","statementMap":{"0":{"start":{"line":3,"column":8},"end":{"line":3,"column":29}},"1":{"start":{"line":4,"column":8},"end":{"line":4,"column":31}},"2":{"start":{"line":8,"column":8},"end":{"line":31,"column":9}},"3":{"start":{"line":8,"column":21},"end":{"line":8,"column":22}},"4":{"start":{"line":9,"column":12},"end":{"line":30,"column":13}},"5":{"start":{"line":10,"column":33},"end":{"line":17,"column":18}},"6":{"start":{"line":19,"column":16},"end":{"line":23,"column":17}},"7":{"start":{"line":20,"column":38},"end":{"line":20,"column":59}},"8":{"start":{"line":21,"column":20},"end":{"line":21,"column":78}},"9":{"start":{"line":22,"column":20},"end":{"line":22,"column":101}},"10":{"start":{"line":25,"column":16},"end":{"line":25,"column":45}},"11":{"start":{"line":27,"column":16},"end":{"line":27,"column":73}},"12":{"start":{"line":28,"column":16},"end":{"line":28,"column":51}},"13":{"start":{"line":28,"column":39},"end":{"line":28,"column":51}},"14":{"start":{"line":29,"column":16},"end":{"line":29,"column":73}},"15":{"start":{"line":29,"column":45},"end":{"line":29,"column":71}},"16":{"start":{"line":35,"column":20},"end":{"line":35,"column":82}},"17":{"start":{"line":36,"column":8},"end":{"line":41,"column":11}},"18":{"start":{"line":45,"column":20},"end":{"line":45,"column":73}},"19":{"start":{"line":46,"column":8},"end":{"line":46,"column":75}},"20":{"start":{"line":47,"column":8},"end":{"line":47,"column":54}},"21":{"start":{"line":48,"column":8},"end":{"line":48,"column":59}},"22":{"start":{"line":50,"column":8},"end":{"line":55,"column":11}},"23":{"start":{"line":59,"column":20},"end":{"line":59,"column":86}},"24":{"start":{"line":60,"column":8},"end":{"line":60,"column":59}},"25":{"start":{"line":62,"column":8},"end":{"line":67,"column":11}},"26":{"start":{"line":71,"column":20},"end":{"line":71,"column":103}},"27":{"start":{"line":73,"column":8},"end":{"line":78,"column":11}}},"fnMap":{"0":{"name":"(anonymous_0)","decl":{"start":{"line":2,"column":4},"end":{"line":2,"column":5}},"loc":{"start":{"line":2,"column":33},"end":{"line":5,"column":5}},"line":2},"1":{"name":"(anonymous_1)","decl":{"start":{"line":7,"column":4},"end":{"line":7,"column":5}},"loc":{"start":{"line":7,"column":66},"end":{"line":32,"column":5}},"line":7},"2":{"name":"(anonymous_2)","decl":{"start":{"line":29,"column":34},"end":{"line":29,"column":35}},"loc":{"start":{"line":29,"column":45},"end":{"line":29,"column":71}},"line":29},"3":{"name":"(anonymous_3)","decl":{"start":{"line":34,"column":4},"end":{"line":34,"column":5}},"loc":{"start":{"line":34,"column":57},"end":{"line":42,"column":5}},"line":34},"4":{"name":"(anonymous_4)","decl":{"start":{"line":44,"column":4},"end":{"line":44,"column":5}},"loc":{"start":{"line":44,"column":60},"end":{"line":56,"column":5}},"line":44},"5":{"name":"(anonymous_5)","decl":{"start":{"line":58,"column":4},"end":{"line":58,"column":5}},"loc":{"start":{"line":58,"column":62},"end":{"line":68,"column":5}},"line":58},"6":{"name":"(anonymous_6)","decl":{"start":{"line":70,"column":4},"end":{"line":70,"column":5}},"loc":{"start":{"line":70,"column":51},"end":{"line":79,"column":5}},"line":70}},"branchMap":{"0":{"loc":{"start":{"line":7,"column":39},"end":{"line":7,"column":50}},"type":"default-arg","locations":[{"start":{"line":7,"column":49},"end":{"line":7,"column":50}}],"line":7},"1":{"loc":{"start":{"line":7,"column":52},"end":{"line":7,"column":64}},"type":"default-arg","locations":[{"start":{"line":7,"column":60},"end":{"line":7,"column":64}}],"line":7},"2":{"loc":{"start":{"line":19,"column":16},"end":{"line":23,"column":17}},"type":"if","locations":[{"start":{"line":19,"column":16},"end":{"line":23,"column":17}},{"start":{},"end":{}}],"line":19},"3":{"loc":{"start":{"line":28,"column":16},"end":{"line":28,"column":51}},"type":"if","locations":[{"start":{"line":28,"column":16},"end":{"line":28,"column":51}},{"start":{},"end":{}}],"line":28},"4":{"loc":{"start":{"line":34,"column":46},"end":{"line":34,"column":55}},"type":"default-arg","locations":[{"start":{"line":34,"column":54},"end":{"line":34,"column":55}}],"line":34},"5":{"loc":{"start":{"line":44,"column":49},"end":{"line":44,"column":58}},"type":"default-arg","locations":[{"start":{"line":44,"column":57},"end":{"line":44,"column":58}}],"line":44},"6":{"loc":{"start":{"line":58,"column":49},"end":{"line":58,"column":60}},"type":"default-arg","locations":[{"start":{"line":58,"column":57},"end":{"line":58,"column":60}}],"line":58}},"s":{"0":0,"1":0,"2":0,"3":0,"4":0,"5":0,"6":0,"7":0,"8":0,"9":0,"10":0,"11":0,"12":0,"13":0,"14":0,"15":0,"16":0,"17":0,"18":0,"19":0,"20":0,"21":0,"22":0,"23":0,"24":0,"25":0,"26":0,"27":0},"f":{"0":0,"1":0,"2":0,"3":0,"4":0,"5":0,"6":0},"b":{"0":[0],"1":[0],"2":[0,0],"3":[0,0],"4":[0],"5":[0],"6":[0]},"inputSourceMap":null,"_coverageSchema":"1a1c01bbd47fc00a2c39e90264f33305004495a9","hash":"554bfa531e4cf19634f60127b3b5f2c13d28502f"}
}
