{"/Users/nick/projects/web3/opensea-offer-maker/src/services/openseaApi.js": {"path":"/Users/nick/projects/web3/opensea-offer-maker/src/services/openseaApi.js","statementMap":{"0":{"start":{"line":5,"column":8},"end":{"line":5,"column":29}},"1":{"start":{"line":6,"column":8},"end":{"line":6,"column":31}},"2":{"start":{"line":7,"column":8},"end":{"line":7,"column":39}},"3":{"start":{"line":11,"column":8},"end":{"line":53,"column":9}},"4":{"start":{"line":11,"column":21},"end":{"line":11,"column":22}},"5":{"start":{"line":12,"column":12},"end":{"line":52,"column":13}},"6":{"start":{"line":13,"column":33},"end":{"line":20,"column":18}},"7":{"start":{"line":22,"column":16},"end":{"line":24,"column":17}},"8":{"start":{"line":23,"column":20},"end":{"line":23,"column":42}},"9":{"start":{"line":26,"column":16},"end":{"line":29,"column":17}},"10":{"start":{"line":27,"column":38},"end":{"line":27,"column":59}},"11":{"start":{"line":28,"column":20},"end":{"line":28,"column":69}},"12":{"start":{"line":31,"column":16},"end":{"line":35,"column":17}},"13":{"start":{"line":32,"column":38},"end":{"line":32,"column":59}},"14":{"start":{"line":33,"column":20},"end":{"line":33,"column":77}},"15":{"start":{"line":34,"column":20},"end":{"line":34,"column":101}},"16":{"start":{"line":37,"column":16},"end":{"line":37,"column":45}},"17":{"start":{"line":39,"column":16},"end":{"line":39,"column":72}},"18":{"start":{"line":41,"column":16},"end":{"line":43,"column":17}},"19":{"start":{"line":42,"column":20},"end":{"line":42,"column":32}},"20":{"start":{"line":45,"column":16},"end":{"line":50,"column":17}},"21":{"start":{"line":46,"column":20},"end":{"line":48,"column":21}},"22":{"start":{"line":47,"column":24},"end":{"line":47,"column":46}},"23":{"start":{"line":49,"column":20},"end":{"line":49,"column":32}},"24":{"start":{"line":51,"column":16},"end":{"line":51,"column":73}},"25":{"start":{"line":51,"column":45},"end":{"line":51,"column":71}},"26":{"start":{"line":57,"column":8},"end":{"line":76,"column":9}},"27":{"start":{"line":58,"column":24},"end":{"line":58,"column":93}},"28":{"start":{"line":60,"column":12},"end":{"line":60,"column":72}},"29":{"start":{"line":62,"column":29},"end":{"line":68,"column":14}},"30":{"start":{"line":72,"column":12},"end":{"line":72,"column":28}},"31":{"start":{"line":74,"column":12},"end":{"line":74,"column":70}},"32":{"start":{"line":75,"column":12},"end":{"line":75,"column":34}},"33":{"start":{"line":80,"column":20},"end":{"line":80,"column":100}},"34":{"start":{"line":81,"column":8},"end":{"line":81,"column":75}},"35":{"start":{"line":82,"column":8},"end":{"line":82,"column":54}},"36":{"start":{"line":83,"column":8},"end":{"line":83,"column":59}},"37":{"start":{"line":85,"column":8},"end":{"line":91,"column":11}},"38":{"start":{"line":95,"column":8},"end":{"line":114,"column":9}},"39":{"start":{"line":96,"column":24},"end":{"line":96,"column":97}},"40":{"start":{"line":97,"column":12},"end":{"line":97,"column":63}},"41":{"start":{"line":99,"column":12},"end":{"line":99,"column":76}},"42":{"start":{"line":101,"column":29},"end":{"line":107,"column":14}},"43":{"start":{"line":109,"column":12},"end":{"line":109,"column":95}},"44":{"start":{"line":110,"column":12},"end":{"line":110,"column":28}},"45":{"start":{"line":112,"column":12},"end":{"line":112,"column":74}},"46":{"start":{"line":113,"column":12},"end":{"line":113,"column":34}},"47":{"start":{"line":118,"column":8},"end":{"line":135,"column":9}},"48":{"start":{"line":119,"column":24},"end":{"line":119,"column":114}},"49":{"start":{"line":121,"column":12},"end":{"line":121,"column":69}},"50":{"start":{"line":123,"column":29},"end":{"line":129,"column":14}},"51":{"start":{"line":131,"column":12},"end":{"line":131,"column":28}},"52":{"start":{"line":133,"column":12},"end":{"line":133,"column":67}},"53":{"start":{"line":134,"column":12},"end":{"line":134,"column":24}},"54":{"start":{"line":139,"column":8},"end":{"line":157,"column":9}},"55":{"start":{"line":140,"column":24},"end":{"line":140,"column":87}},"56":{"start":{"line":144,"column":29},"end":{"line":150,"column":14}},"57":{"start":{"line":153,"column":12},"end":{"line":153,"column":28}},"58":{"start":{"line":155,"column":12},"end":{"line":155,"column":68}},"59":{"start":{"line":156,"column":12},"end":{"line":156,"column":24}},"60":{"start":{"line":161,"column":8},"end":{"line":188,"column":9}},"61":{"start":{"line":162,"column":24},"end":{"line":162,"column":93}},"62":{"start":{"line":164,"column":12},"end":{"line":164,"column":71}},"63":{"start":{"line":166,"column":29},"end":{"line":172,"column":14}},"64":{"start":{"line":176,"column":12},"end":{"line":179,"column":13}},"65":{"start":{"line":177,"column":16},"end":{"line":177,"column":77}},"66":{"start":{"line":178,"column":16},"end":{"line":178,"column":61}},"67":{"start":{"line":181,"column":12},"end":{"line":184,"column":14}},"68":{"start":{"line":186,"column":12},"end":{"line":186,"column":69}},"69":{"start":{"line":187,"column":12},"end":{"line":187,"column":24}},"70":{"start":{"line":192,"column":8},"end":{"line":212,"column":9}},"71":{"start":{"line":193,"column":24},"end":{"line":193,"column":100}},"72":{"start":{"line":194,"column":12},"end":{"line":196,"column":13}},"73":{"start":{"line":195,"column":16},"end":{"line":195,"column":67}},"74":{"start":{"line":198,"column":12},"end":{"line":198,"column":68}},"75":{"start":{"line":200,"column":29},"end":{"line":206,"column":14}},"76":{"start":{"line":208,"column":12},"end":{"line":208,"column":28}},"77":{"start":{"line":210,"column":12},"end":{"line":210,"column":66}},"78":{"start":{"line":211,"column":12},"end":{"line":211,"column":36}},"79":{"start":{"line":216,"column":8},"end":{"line":237,"column":9}},"80":{"start":{"line":217,"column":24},"end":{"line":217,"column":110}},"81":{"start":{"line":219,"column":12},"end":{"line":219,"column":67}},"82":{"start":{"line":221,"column":29},"end":{"line":227,"column":14}},"83":{"start":{"line":229,"column":12},"end":{"line":233,"column":14}},"84":{"start":{"line":235,"column":12},"end":{"line":235,"column":65}},"85":{"start":{"line":236,"column":12},"end":{"line":236,"column":24}}},"fnMap":{"0":{"name":"(anonymous_0)","decl":{"start":{"line":4,"column":4},"end":{"line":4,"column":5}},"loc":{"start":{"line":4,"column":46},"end":{"line":8,"column":5}},"line":4},"1":{"name":"(anonymous_1)","decl":{"start":{"line":10,"column":4},"end":{"line":10,"column":5}},"loc":{"start":{"line":10,"column":66},"end":{"line":54,"column":5}},"line":10},"2":{"name":"(anonymous_2)","decl":{"start":{"line":51,"column":34},"end":{"line":51,"column":35}},"loc":{"start":{"line":51,"column":45},"end":{"line":51,"column":71}},"line":51},"3":{"name":"(anonymous_3)","decl":{"start":{"line":56,"column":4},"end":{"line":56,"column":5}},"loc":{"start":{"line":56,"column":46},"end":{"line":77,"column":5}},"line":56},"4":{"name":"(anonymous_4)","decl":{"start":{"line":79,"column":4},"end":{"line":79,"column":5}},"loc":{"start":{"line":79,"column":60},"end":{"line":92,"column":5}},"line":79},"5":{"name":"(anonymous_5)","decl":{"start":{"line":94,"column":4},"end":{"line":94,"column":5}},"loc":{"start":{"line":94,"column":62},"end":{"line":115,"column":5}},"line":94},"6":{"name":"(anonymous_6)","decl":{"start":{"line":117,"column":4},"end":{"line":117,"column":5}},"loc":{"start":{"line":117,"column":51},"end":{"line":136,"column":5}},"line":117},"7":{"name":"(anonymous_7)","decl":{"start":{"line":138,"column":4},"end":{"line":138,"column":5}},"loc":{"start":{"line":138,"column":44},"end":{"line":158,"column":5}},"line":138},"8":{"name":"(anonymous_8)","decl":{"start":{"line":160,"column":4},"end":{"line":160,"column":5}},"loc":{"start":{"line":160,"column":45},"end":{"line":189,"column":5}},"line":160},"9":{"name":"(anonymous_9)","decl":{"start":{"line":191,"column":4},"end":{"line":191,"column":5}},"loc":{"start":{"line":191,"column":53},"end":{"line":213,"column":5}},"line":191},"10":{"name":"(anonymous_10)","decl":{"start":{"line":215,"column":4},"end":{"line":215,"column":5}},"loc":{"start":{"line":215,"column":36},"end":{"line":238,"column":5}},"line":215}},"branchMap":{"0":{"loc":{"start":{"line":10,"column":39},"end":{"line":10,"column":50}},"type":"default-arg","locations":[{"start":{"line":10,"column":49},"end":{"line":10,"column":50}}],"line":10},"1":{"loc":{"start":{"line":10,"column":52},"end":{"line":10,"column":64}},"type":"default-arg","locations":[{"start":{"line":10,"column":60},"end":{"line":10,"column":64}}],"line":10},"2":{"loc":{"start":{"line":22,"column":16},"end":{"line":24,"column":17}},"type":"if","locations":[{"start":{"line":22,"column":16},"end":{"line":24,"column":17}},{"start":{},"end":{}}],"line":22},"3":{"loc":{"start":{"line":26,"column":16},"end":{"line":29,"column":17}},"type":"if","locations":[{"start":{"line":26,"column":16},"end":{"line":29,"column":17}},{"start":{},"end":{}}],"line":26},"4":{"loc":{"start":{"line":31,"column":16},"end":{"line":35,"column":17}},"type":"if","locations":[{"start":{"line":31,"column":16},"end":{"line":35,"column":17}},{"start":{},"end":{}}],"line":31},"5":{"loc":{"start":{"line":41,"column":16},"end":{"line":43,"column":17}},"type":"if","locations":[{"start":{"line":41,"column":16},"end":{"line":43,"column":17}},{"start":{},"end":{}}],"line":41},"6":{"loc":{"start":{"line":45,"column":16},"end":{"line":50,"column":17}},"type":"if","locations":[{"start":{"line":45,"column":16},"end":{"line":50,"column":17}},{"start":{},"end":{}}],"line":45},"7":{"loc":{"start":{"line":46,"column":20},"end":{"line":48,"column":21}},"type":"if","locations":[{"start":{"line":46,"column":20},"end":{"line":48,"column":21}},{"start":{},"end":{}}],"line":46},"8":{"loc":{"start":{"line":79,"column":49},"end":{"line":79,"column":58}},"type":"default-arg","locations":[{"start":{"line":79,"column":57},"end":{"line":79,"column":58}}],"line":79},"9":{"loc":{"start":{"line":94,"column":49},"end":{"line":94,"column":60}},"type":"default-arg","locations":[{"start":{"line":94,"column":57},"end":{"line":94,"column":60}}],"line":94},"10":{"loc":{"start":{"line":176,"column":12},"end":{"line":179,"column":13}},"type":"if","locations":[{"start":{"line":176,"column":12},"end":{"line":179,"column":13}},{"start":{},"end":{}}],"line":176},"11":{"loc":{"start":{"line":191,"column":42},"end":{"line":191,"column":51}},"type":"default-arg","locations":[{"start":{"line":191,"column":50},"end":{"line":191,"column":51}}],"line":191},"12":{"loc":{"start":{"line":194,"column":12},"end":{"line":196,"column":13}},"type":"if","locations":[{"start":{"line":194,"column":12},"end":{"line":196,"column":13}},{"start":{},"end":{}}],"line":194}},"s":{"0":2,"1":2,"2":2,"3":2,"4":2,"5":6,"6":6,"7":1,"8":0,"9":1,"10":0,"11":0,"12":1,"13":0,"14":0,"15":0,"16":1,"17":5,"18":5,"19":0,"20":5,"21":1,"22":0,"23":1,"24":4,"25":4,"26":0,"27":0,"28":0,"29":0,"30":0,"31":0,"32":0,"33":0,"34":0,"35":0,"36":0,"37":0,"38":0,"39":0,"40":0,"41":0,"42":0,"43":0,"44":0,"45":0,"46":0,"47":0,"48":0,"49":0,"50":0,"51":0,"52":0,"53":0,"54":0,"55":0,"56":0,"57":0,"58":0,"59":0,"60":0,"61":0,"62":0,"63":0,"64":0,"65":0,"66":0,"67":0,"68":0,"69":0,"70":0,"71":0,"72":0,"73":0,"74":0,"75":0,"76":0,"77":0,"78":0,"79":0,"80":0,"81":0,"82":0,"83":0,"84":0,"85":0},"f":{"0":2,"1":2,"2":4,"3":0,"4":0,"5":0,"6":0,"7":0,"8":0,"9":0,"10":0},"b":{"0":[0],"1":[0],"2":[0,1],"3":[0,1],"4":[0,1],"5":[0,5],"6":[1,4],"7":[0,1],"8":[0],"9":[0],"10":[0,0],"11":[0],"12":[0,0]},"inputSourceMap":null,"_coverageSchema":"1a1c01bbd47fc00a2c39e90264f33305004495a9","hash":"f8aa123c398a4d943adca1b615270c2a4f3ebe24"}
,"/Users/nick/projects/web3/opensea-offer-maker/src/utils/logger.js": {"path":"/Users/nick/projects/web3/opensea-offer-maker/src/utils/logger.js","statementMap":{"0":{"start":{"line":1,"column":24},"end":{"line":6,"column":1}},"1":{"start":{"line":11,"column":8},"end":{"line":13,"column":79}},"2":{"start":{"line":17,"column":8},"end":{"line":17,"column":27}},"3":{"start":{"line":21,"column":8},"end":{"line":23,"column":9}},"4":{"start":{"line":22,"column":12},"end":{"line":22,"column":35}},"5":{"start":{"line":27,"column":8},"end":{"line":29,"column":9}},"6":{"start":{"line":28,"column":12},"end":{"line":28,"column":34}},"7":{"start":{"line":33,"column":8},"end":{"line":35,"column":9}},"8":{"start":{"line":34,"column":12},"end":{"line":34,"column":33}},"9":{"start":{"line":39,"column":8},"end":{"line":41,"column":9}},"10":{"start":{"line":40,"column":12},"end":{"line":40,"column":35}},"11":{"start":{"line":46,"column":8},"end":{"line":48,"column":9}},"12":{"start":{"line":47,"column":12},"end":{"line":47,"column":69}},"13":{"start":{"line":52,"column":22},"end":{"line":52,"column":34}}},"fnMap":{"0":{"name":"(anonymous_0)","decl":{"start":{"line":9,"column":4},"end":{"line":9,"column":5}},"loc":{"start":{"line":9,"column":18},"end":{"line":14,"column":5}},"line":9},"1":{"name":"(anonymous_1)","decl":{"start":{"line":16,"column":4},"end":{"line":16,"column":5}},"loc":{"start":{"line":16,"column":20},"end":{"line":18,"column":5}},"line":16},"2":{"name":"(anonymous_2)","decl":{"start":{"line":20,"column":4},"end":{"line":20,"column":5}},"loc":{"start":{"line":20,"column":19},"end":{"line":24,"column":5}},"line":20},"3":{"name":"(anonymous_3)","decl":{"start":{"line":26,"column":4},"end":{"line":26,"column":5}},"loc":{"start":{"line":26,"column":18},"end":{"line":30,"column":5}},"line":26},"4":{"name":"(anonymous_4)","decl":{"start":{"line":32,"column":4},"end":{"line":32,"column":5}},"loc":{"start":{"line":32,"column":18},"end":{"line":36,"column":5}},"line":32},"5":{"name":"(anonymous_5)","decl":{"start":{"line":38,"column":4},"end":{"line":38,"column":5}},"loc":{"start":{"line":38,"column":19},"end":{"line":42,"column":5}},"line":38},"6":{"name":"(anonymous_6)","decl":{"start":{"line":45,"column":4},"end":{"line":45,"column":5}},"loc":{"start":{"line":45,"column":28},"end":{"line":49,"column":5}},"line":45}},"branchMap":{"0":{"loc":{"start":{"line":11,"column":21},"end":{"line":13,"column":78}},"type":"cond-expr","locations":[{"start":{"line":12,"column":12},"end":{"line":12,"column":43}},{"start":{"line":13,"column":13},"end":{"line":13,"column":77}}],"line":11},"1":{"loc":{"start":{"line":13,"column":13},"end":{"line":13,"column":77}},"type":"cond-expr","locations":[{"start":{"line":13,"column":47},"end":{"line":13,"column":61}},{"start":{"line":13,"column":64},"end":{"line":13,"column":77}}],"line":13},"2":{"loc":{"start":{"line":21,"column":8},"end":{"line":23,"column":9}},"type":"if","locations":[{"start":{"line":21,"column":8},"end":{"line":23,"column":9}},{"start":{},"end":{}}],"line":21},"3":{"loc":{"start":{"line":27,"column":8},"end":{"line":29,"column":9}},"type":"if","locations":[{"start":{"line":27,"column":8},"end":{"line":29,"column":9}},{"start":{},"end":{}}],"line":27},"4":{"loc":{"start":{"line":33,"column":8},"end":{"line":35,"column":9}},"type":"if","locations":[{"start":{"line":33,"column":8},"end":{"line":35,"column":9}},{"start":{},"end":{}}],"line":33},"5":{"loc":{"start":{"line":39,"column":8},"end":{"line":41,"column":9}},"type":"if","locations":[{"start":{"line":39,"column":8},"end":{"line":41,"column":9}},{"start":{},"end":{}}],"line":39},"6":{"loc":{"start":{"line":46,"column":8},"end":{"line":48,"column":9}},"type":"if","locations":[{"start":{"line":46,"column":8},"end":{"line":48,"column":9}},{"start":{},"end":{}}],"line":46}},"s":{"0":1,"1":1,"2":0,"3":5,"4":5,"5":0,"6":0,"7":0,"8":0,"9":0,"10":0,"11":0,"12":0,"13":1},"f":{"0":1,"1":0,"2":5,"3":0,"4":0,"5":0,"6":0},"b":{"0":[0,1],"1":[1,0],"2":[5,0],"3":[0,0],"4":[0,0],"5":[0,0],"6":[0,0]},"inputSourceMap":null,"_coverageSchema":"1a1c01bbd47fc00a2c39e90264f33305004495a9","hash":"b9ca0f81b5f0d4883c8b26a7f7c2e07985de2506"}
}
