TN:
SF:src/config.js
FNF:0
FNH:0
DA:5,1
DA:8,1
DA:9,1
DA:10,1
DA:13,1
DA:14,0
DA:15,0
DA:16,0
DA:20,1
DA:23,1
DA:24,1
DA:27,1
DA:30,1
DA:36,1
DA:41,1
DA:42,1
LF:16
LH:13
BRDA:13,0,0,0
BRDA:13,0,1,1
BRDA:13,1,0,1
BRDA:13,1,1,1
BRDA:13,1,2,1
BRF:5
BRH:4
end_of_record
TN:
SF:src/services/offerService.js
FN:11,(anonymous_0)
FN:18,(anonymous_1)
FN:25,(anonymous_2)
FN:32,(anonymous_3)
FN:40,(anonymous_4)
FN:47,(anonymous_5)
FN:81,(anonymous_6)
FN:110,(anonymous_7)
FN:125,createOfferService
FNF:9
FNH:2
FNDA:1,(anonymous_0)
FNDA:0,(anonymous_1)
FNDA:0,(anonymous_2)
FNDA:0,(anonymous_3)
FNDA:0,(anonymous_4)
FNDA:0,(anonymous_5)
FNDA:0,(anonymous_6)
FNDA:0,(anonymous_7)
FNDA:1,createOfferService
DA:12,1
DA:13,1
DA:14,1
DA:19,0
DA:20,0
DA:22,0
DA:26,0
DA:27,0
DA:29,0
DA:33,0
DA:34,0
DA:36,0
DA:41,0
DA:42,0
DA:43,0
DA:44,0
DA:56,0
DA:58,0
DA:59,0
DA:60,0
DA:62,0
DA:72,0
DA:77,0
DA:78,0
DA:89,0
DA:91,0
DA:92,0
DA:93,0
DA:95,0
DA:106,0
DA:107,0
DA:111,0
DA:112,0
DA:113,0
DA:114,0
DA:116,0
DA:117,0
DA:119,0
DA:120,0
DA:126,1
DA:127,1
DA:131,1
LF:42
LH:6
BRDA:19,0,0,0
BRDA:19,0,1,0
BRDA:26,1,0,0
BRDA:26,1,1,0
BRDA:33,2,0,0
BRDA:33,2,1,0
BRDA:33,3,0,0
BRDA:33,3,1,0
BRDA:54,4,0,0
BRDA:55,5,0,0
BRDA:72,6,0,0
BRDA:72,6,1,0
BRDA:72,6,2,0
BRDA:72,6,3,0
BRDA:87,7,0,0
BRDA:88,8,0,0
BRF:16
BRH:0
end_of_record
TN:
SF:src/services/offerStrategy.js
FN:4,(anonymous_0)
FN:18,(anonymous_1)
FN:26,(anonymous_2)
FN:35,(anonymous_3)
FN:70,(anonymous_4)
FN:98,(anonymous_5)
FN:104,(anonymous_6)
FN:111,(anonymous_7)
FNF:8
FNH:0
FNDA:0,(anonymous_0)
FNDA:0,(anonymous_1)
FNDA:0,(anonymous_2)
FNDA:0,(anonymous_3)
FNDA:0,(anonymous_4)
FNDA:0,(anonymous_5)
FNDA:0,(anonymous_6)
FNDA:0,(anonymous_7)
DA:5,0
DA:6,0
DA:7,0
DA:8,0
DA:9,0
DA:10,0
DA:11,0
DA:12,0
DA:13,0
DA:14,0
DA:15,0
DA:19,0
DA:20,0
DA:21,0
DA:23,0
DA:27,0
DA:29,0
DA:30,0
DA:32,0
DA:36,0
DA:38,0
DA:41,0
DA:42,0
DA:44,0
DA:45,0
DA:46,0
DA:50,0
DA:51,0
DA:56,0
DA:63,0
DA:65,0
DA:66,0
DA:71,0
DA:73,0
DA:74,0
DA:76,0
DA:79,0
DA:80,0
DA:83,0
DA:84,0
DA:93,0
DA:94,0
DA:99,0
DA:101,0
DA:102,0
DA:104,0
DA:105,0
DA:106,0
DA:112,0
DA:113,0
DA:114,0
DA:115,0
LF:52
LH:0
BRDA:4,0,0,0
BRDA:7,1,0,0
BRDA:7,1,1,0
BRDA:8,2,0,0
BRDA:8,2,1,0
BRDA:9,3,0,0
BRDA:9,3,1,0
BRDA:10,4,0,0
BRDA:10,4,1,0
BRDA:14,5,0,0
BRDA:14,5,1,0
BRDA:15,6,0,0
BRDA:15,6,1,0
BRDA:23,7,0,0
BRDA:23,7,1,0
BRDA:27,8,0,0
BRDA:27,8,1,0
BRDA:32,9,0,0
BRDA:32,9,1,0
BRDA:41,10,0,0
BRDA:41,10,1,0
BRDA:41,11,0,0
BRDA:41,11,1,0
BRDA:44,12,0,0
BRDA:44,12,1,0
BRDA:50,13,0,0
BRDA:50,13,1,0
BRDA:73,14,0,0
BRDA:73,14,1,0
BRDA:79,15,0,0
BRDA:79,15,1,0
BRDA:79,16,0,0
BRDA:79,16,1,0
BRDA:79,16,2,0
BRDA:99,17,0,0
BRDA:99,17,1,0
BRDA:105,18,0,0
BRDA:105,18,1,0
BRDA:113,19,0,0
BRDA:113,19,1,0
BRF:40
BRH:0
end_of_record
TN:
SF:src/services/openseaApi.js
FN:2,(anonymous_0)
FN:7,(anonymous_1)
FN:29,(anonymous_2)
FN:34,(anonymous_3)
FN:44,(anonymous_4)
FN:58,(anonymous_5)
FN:70,(anonymous_6)
FNF:7
FNH:0
FNDA:0,(anonymous_0)
FNDA:0,(anonymous_1)
FNDA:0,(anonymous_2)
FNDA:0,(anonymous_3)
FNDA:0,(anonymous_4)
FNDA:0,(anonymous_5)
FNDA:0,(anonymous_6)
DA:3,0
DA:4,0
DA:8,0
DA:9,0
DA:10,0
DA:19,0
DA:20,0
DA:21,0
DA:22,0
DA:25,0
DA:27,0
DA:28,0
DA:29,0
DA:35,0
DA:36,0
DA:45,0
DA:46,0
DA:47,0
DA:48,0
DA:50,0
DA:59,0
DA:60,0
DA:62,0
DA:71,0
DA:73,0
LF:25
LH:0
BRDA:7,0,0,0
BRDA:7,1,0,0
BRDA:19,2,0,0
BRDA:19,2,1,0
BRDA:28,3,0,0
BRDA:28,3,1,0
BRDA:34,4,0,0
BRDA:44,5,0,0
BRDA:58,6,0,0
BRF:9
BRH:0
end_of_record
