TN:
SF:src/services/openseaApi.js
FN:4,(anonymous_0)
FN:10,(anonymous_1)
FN:51,(anonymous_2)
FN:56,(anonymous_3)
FN:79,(anonymous_4)
FN:94,(anonymous_5)
FN:117,(anonymous_6)
FN:138,(anonymous_7)
FN:160,(anonymous_8)
FN:191,(anonymous_9)
FN:215,(anonymous_10)
FNF:11
FNH:3
FNDA:2,(anonymous_0)
FNDA:2,(anonymous_1)
FNDA:4,(anonymous_2)
FNDA:0,(anonymous_3)
FNDA:0,(anonymous_4)
FNDA:0,(anonymous_5)
FNDA:0,(anonymous_6)
FNDA:0,(anonymous_7)
FNDA:0,(anonymous_8)
FNDA:0,(anonymous_9)
FNDA:0,(anonymous_10)
DA:5,2
DA:6,2
DA:7,2
DA:11,2
DA:12,6
DA:13,6
DA:22,1
DA:23,0
DA:26,1
DA:27,0
DA:28,0
DA:31,1
DA:32,0
DA:33,0
DA:34,0
DA:37,1
DA:39,5
DA:41,5
DA:42,0
DA:45,5
DA:46,1
DA:47,0
DA:49,1
DA:51,4
DA:57,0
DA:58,0
DA:60,0
DA:62,0
DA:72,0
DA:74,0
DA:75,0
DA:80,0
DA:81,0
DA:82,0
DA:83,0
DA:85,0
DA:95,0
DA:96,0
DA:97,0
DA:99,0
DA:101,0
DA:109,0
DA:110,0
DA:112,0
DA:113,0
DA:118,0
DA:119,0
DA:121,0
DA:123,0
DA:131,0
DA:133,0
DA:134,0
DA:139,0
DA:140,0
DA:144,0
DA:153,0
DA:155,0
DA:156,0
DA:161,0
DA:162,0
DA:164,0
DA:166,0
DA:176,0
DA:177,0
DA:178,0
DA:181,0
DA:186,0
DA:187,0
DA:192,0
DA:193,0
DA:194,0
DA:195,0
DA:198,0
DA:200,0
DA:208,0
DA:210,0
DA:211,0
DA:216,0
DA:217,0
DA:219,0
DA:221,0
DA:229,0
DA:235,0
DA:236,0
LF:84
LH:16
BRDA:10,0,0,0
BRDA:10,1,0,0
BRDA:22,2,0,0
BRDA:22,2,1,1
BRDA:26,3,0,0
BRDA:26,3,1,1
BRDA:31,4,0,0
BRDA:31,4,1,1
BRDA:41,5,0,0
BRDA:41,5,1,5
BRDA:45,6,0,1
BRDA:45,6,1,4
BRDA:46,7,0,0
BRDA:46,7,1,1
BRDA:79,8,0,0
BRDA:94,9,0,0
BRDA:176,10,0,0
BRDA:176,10,1,0
BRDA:191,11,0,0
BRDA:194,12,0,0
BRDA:194,12,1,0
BRF:21
BRH:7
end_of_record
TN:
SF:src/utils/logger.js
FN:9,(anonymous_0)
FN:16,(anonymous_1)
FN:20,(anonymous_2)
FN:26,(anonymous_3)
FN:32,(anonymous_4)
FN:38,(anonymous_5)
FN:45,(anonymous_6)
FNF:7
FNH:2
FNDA:1,(anonymous_0)
FNDA:0,(anonymous_1)
FNDA:5,(anonymous_2)
FNDA:0,(anonymous_3)
FNDA:0,(anonymous_4)
FNDA:0,(anonymous_5)
FNDA:0,(anonymous_6)
DA:1,1
DA:11,1
DA:17,0
DA:21,5
DA:22,5
DA:27,0
DA:28,0
DA:33,0
DA:34,0
DA:39,0
DA:40,0
DA:46,0
DA:47,0
DA:52,1
LF:14
LH:5
BRDA:11,0,0,0
BRDA:11,0,1,1
BRDA:13,1,0,1
BRDA:13,1,1,0
BRDA:21,2,0,5
BRDA:21,2,1,0
BRDA:27,3,0,0
BRDA:27,3,1,0
BRDA:33,4,0,0
BRDA:33,4,1,0
BRDA:39,5,0,0
BRDA:39,5,1,0
BRDA:46,6,0,0
BRDA:46,6,1,0
BRF:14
BRH:3
end_of_record
